<?xml version="1.0" encoding="UTF-8"?>
<!-- Generated by org.testng.reporters.JUnitReportReporter -->
<testsuite skipped="0" hostname="I-AM-SHAILESH" name="collection.Alert002" tests="1" failures="0" timestamp="26 Aug 2018 06:53:04 GMT" time="18.091" errors="0">
  <testcase name="testdemoguru" time="18.091" classname="collection.Alert002"/>
</testsuite> <!-- collection.Alert002 -->
