<?xml version="1.0" encoding="UTF-8"?>
<!-- Generated by org.testng.reporters.JUnitReportReporter -->
<testsuite skipped="0" hostname="I-AM-SHAILESH" name="collection.B" tests="1" failures="0" timestamp="25 Aug 2018 12:30:17 GMT" time="14.724" errors="0">
  <testcase name="testnaukri" time="14.724" classname="collection.B"/>
</testsuite> <!-- collection.B -->
