<?xml version="1.0" encoding="UTF-8"?>
<!-- Generated by org.testng.reporters.JUnitReportReporter -->
<testsuite skipped="0" hostname="I-AM-SHAILESH" name="collection.HW002" tests="1" failures="0" timestamp="26 Aug 2018 06:32:03 GMT" time="36.290" errors="0">
  <testcase name="TW" time="36.290" classname="collection.HW002"/>
</testsuite> <!-- collection.HW002 -->
