<?xml version="1.0" encoding="UTF-8"?>
<!-- Generated by org.testng.reporters.JUnitReportReporter -->
<testsuite skipped="0" hostname="I-AM-SHAILESH" name="collection.C" tests="2" failures="0" timestamp="25 Aug 2018 12:23:54 GMT" time="27.431" errors="0">
  <testcase name="testnaukri" time="15.122" classname="collection.C"/>
  <testcase name="testn2" time="12.309" classname="collection.C"/>
</testsuite> <!-- collection.C -->
